<?xml version="1.0" encoding="UTF-8"?>
<testsuite xmlns:xsi="http://www.w3.org/2001/XMLSchema-instance" xsi:noNamespaceSchemaLocation="https://maven.apache.org/surefire/maven-surefire-plugin/xsd/surefire-test-report-3.0.xsd" version="3.0" name="com.mtx.disneyworld.DisneyworldApplicationTests" time="57.933" tests="1" errors="0" skipped="0" failures="0">
  <properties>
[...]
</properties>
  <testcase name="sendEmail" classname="com.mtx.disneyworld.DisneyworldApplicationTests" time="0.718">
    <system-out><![CDATA[16:24:12.180 [main] DEBUG org.springframework.test.context.BootstrapUtils - Instantiating CacheAwareContextLoaderDelegate from class [org.springframework.test.context.cache.DefaultCacheAwareContextLoaderDelegate]
16:24:12.577 [main] DEBUG org.springframework.test.context.BootstrapUtils - Instantiating BootstrapContext using constructor [public org.springframework.test.context.support.DefaultBootstrapContext(java.lang.Class,org.springframework.test.context.CacheAwareContextLoaderDelegate)]
16:24:13.153 [main] DEBUG org.springframework.test.context.BootstrapUtils - Instantiating TestContextBootstrapper for test class [com.mtx.disneyworld.DisneyworldApplicationTests] from class [org.springframework.boot.test.context.SpringBootTestContextBootstrapper]
16:24:13.501 [main] INFO org.springframework.boot.test.context.SpringBootTestContextBootstrapper - Neither @ContextConfiguration nor @ContextHierarchy found for test class [com.mtx.disneyworld.DisneyworldApplicationTests], using SpringBootContextLoader
16:24:13.544 [main] DEBUG org.springframework.test.context.support.AbstractContextLoader - Did not detect default resource location for test class [com.mtx.disneyworld.DisneyworldApplicationTests]: class path resource [com/mtx/disneyworld/DisneyworldApplicationTests-context.xml] does not exist
16:24:13.549 [main] DEBUG org.springframework.test.context.support.AbstractContextLoader - Did not detect default resource location for test class [com.mtx.disneyworld.DisneyworldApplicationTests]: class path resource [com/mtx/disneyworld/DisneyworldApplicationTestsContext.groovy] does not exist
16:24:13.551 [main] INFO org.springframework.test.context.support.AbstractContextLoader - Could not detect default resource locations for test class [com.mtx.disneyworld.DisneyworldApplicationTests]: no resource found for suffixes {-context.xml, Context.groovy}.
16:24:13.558 [main] INFO org.springframework.test.context.support.AnnotationConfigContextLoaderUtils - Could not detect default configuration classes for test class [com.mtx.disneyworld.DisneyworldApplicationTests]: DisneyworldApplicationTests does not declare any static, non-private, non-final, nested classes annotated with @Configuration.
16:24:14.374 [main] DEBUG org.springframework.test.context.support.ActiveProfilesUtils - Could not find an 'annotation declaring class' for annotation type [org.springframework.test.context.ActiveProfiles] and class [com.mtx.disneyworld.DisneyworldApplicationTests]
16:24:15.233 [main] DEBUG org.springframework.context.annotation.ClassPathScanningCandidateComponentProvider - Identified candidate component class: file [E:\Projects\SpringBoot\disneyworld\target\classes\com\mtx\disneyworld\DisneyworldApplication.class]
16:24:15.611 [main] INFO org.springframework.boot.test.context.SpringBootTestContextBootstrapper - Found @SpringBootConfiguration com.mtx.disneyworld.DisneyworldApplication for test class com.mtx.disneyworld.DisneyworldApplicationTests
16:24:16.870 [main] DEBUG org.springframework.boot.test.context.SpringBootTestContextBootstrapper - @TestExecutionListeners is not present for class [com.mtx.disneyworld.DisneyworldApplicationTests]: using defaults.
16:24:16.874 [main] INFO org.springframework.boot.test.context.SpringBootTestContextBootstrapper - Loaded default TestExecutionListener class names from location [META-INF/spring.factories]: [org.springframework.boot.test.mock.mockito.MockitoTestExecutionListener, org.springframework.boot.test.mock.mockito.ResetMocksTestExecutionListener, org.springframework.boot.test.autoconfigure.restdocs.RestDocsTestExecutionListener, org.springframework.boot.test.autoconfigure.web.client.MockRestServiceServerResetTestExecutionListener, org.springframework.boot.test.autoconfigure.web.servlet.MockMvcPrintOnlyOnFailureTestExecutionListener, org.springframework.boot.test.autoconfigure.web.servlet.WebDriverTestExecutionListener, org.springframework.boot.test.autoconfigure.webservices.client.MockWebServiceServerTestExecutionListener, org.springframework.test.context.web.ServletTestExecutionListener, org.springframework.test.context.support.DirtiesContextBeforeModesTestExecutionListener, org.springframework.test.context.event.ApplicationEventsTestExecutionListener, org.springframework.test.context.support.DependencyInjectionTestExecutionListener, org.springframework.test.context.support.DirtiesContextTestExecutionListener, org.springframework.test.context.transaction.TransactionalTestExecutionListener, org.springframework.test.context.jdbc.SqlScriptsTestExecutionListener, org.springframework.test.context.event.EventPublishingTestExecutionListener]
16:24:17.353 [main] INFO org.springframework.boot.test.context.SpringBootTestContextBootstrapper - Using TestExecutionListeners: [org.springframework.test.context.web.ServletTestExecutionListener@1f47664, org.springframework.test.context.support.DirtiesContextBeforeModesTestExecutionListener@11a9022, org.springframework.test.context.event.ApplicationEventsTestExecutionListener@1c9876b, org.springframework.boot.test.mock.mockito.MockitoTestExecutionListener@1666ebb, org.springframework.boot.test.autoconfigure.SpringBootDependencyInjectionTestExecutionListener@1976a65, org.springframework.test.context.support.DirtiesContextTestExecutionListener@1f72f5, org.springframework.test.context.transaction.TransactionalTestExecutionListener@12c5e02, org.springframework.test.context.jdbc.SqlScriptsTestExecutionListener@1a3e26a, org.springframework.test.context.event.EventPublishingTestExecutionListener@1c56eb9, org.springframework.boot.test.mock.mockito.ResetMocksTestExecutionListener@bc222e, org.springframework.boot.test.autoconfigure.restdocs.RestDocsTestExecutionListener@1c9b0f5, org.springframework.boot.test.autoconfigure.web.client.MockRestServiceServerResetTestExecutionListener@131a794, org.springframework.boot.test.autoconfigure.web.servlet.MockMvcPrintOnlyOnFailureTestExecutionListener@15fad2d, org.springframework.boot.test.autoconfigure.web.servlet.WebDriverTestExecutionListener@17553a, org.springframework.boot.test.autoconfigure.webservices.client.MockWebServiceServerTestExecutionListener@b91815]
16:24:17.395 [main] DEBUG org.springframework.test.context.support.AbstractDirtiesContextTestExecutionListener - Before test class: context [DefaultTestContext@1a04efb testClass = DisneyworldApplicationTests, testInstance = [null], testMethod = [null], testException = [null], mergedContextConfiguration = [WebMergedContextConfiguration@c069df testClass = DisneyworldApplicationTests, locations = '{}', classes = '{class com.mtx.disneyworld.DisneyworldApplication}', contextInitializerClasses = '[]', activeProfiles = '{}', propertySourceLocations = '{}', propertySourceProperties = '{org.springframework.boot.test.context.SpringBootTestContextBootstrapper=true}', contextCustomizers = set[org.springframework.boot.test.context.filter.ExcludeFilterContextCustomizer@ebe890, org.springframework.boot.test.json.DuplicateJsonObjectContextCustomizerFactory$DuplicateJsonObjectContextCustomizer@1db5df9, org.springframework.boot.test.mock.mockito.MockitoContextCustomizer@0, org.springframework.boot.test.web.client.TestRestTemplateContextCustomizer@d7f8b4, org.springframework.boot.test.autoconfigure.actuate.metrics.MetricsExportContextCustomizerFactory$DisableMetricExportContextCustomizer@1dac5ef, org.springframework.boot.test.autoconfigure.properties.PropertyMappingContextCustomizer@0, org.springframework.boot.test.autoconfigure.web.servlet.WebDriverContextCustomizerFactory$Customizer@8e6d58, org.springframework.boot.test.context.SpringBootTestArgs@1, org.springframework.boot.test.context.SpringBootTestWebEnvironment@14ddd49], resourceBasePath = 'src/main/webapp', contextLoader = 'org.springframework.boot.test.context.SpringBootContextLoader', parent = [null]], attributes = map['org.springframework.test.context.web.ServletTestExecutionListener.activateListener' -> true]], class annotated with @DirtiesContext [false] with mode [null].

  .   ____          _            __ _ _
 /\\ / ___'_ __ _ _(_)_ __  __ _ \ \ \ \
( ( )\___ | '_ | '_| | '_ \/ _` | \ \ \ \
 \\/  ___)| |_)| | | | | || (_| |  ) ) ) )
  '  |____| .__|_| |_|_| |_\__, | / / / /
 =========|_|==============|___/=/_/_/_/
 :: Spring Boot ::      (v2.6.10-SNAPSHOT)

2022-08-24 16:24:28.212  INFO 4436 --- [           main] .s.d.r.c.RepositoryConfigurationDelegate : Bootstrapping Spring Data JPA repositories in DEFAULT mode.
2022-08-24 16:24:29.406  INFO 4436 --- [           main] .s.d.r.c.RepositoryConfigurationDelegate : Finished Spring Data repository scanning in 1122 ms. Found 4 JPA repository interfaces.
2022-08-24 16:24:34.910  INFO 4436 --- [           main] o.hibernate.jpa.internal.util.LogHelper  : HHH000204: Processing PersistenceUnitInfo [name: default]
2022-08-24 16:24:35.718  INFO 4436 --- [           main] org.hibernate.Version                    : HHH000412: Hibernate ORM core version 5.6.10.Final
2022-08-24 16:24:37.530  INFO 4436 --- [           main] o.hibernate.annotations.common.Version   : HCANN000001: Hibernate Commons Annotations {5.1.2.Final}
2022-08-24 16:24:39.372  INFO 4436 --- [           main] com.zaxxer.hikari.HikariDataSource       : HikariPool-1 - Starting...
2022-08-24 16:24:41.188  INFO 4436 --- [           main] com.zaxxer.hikari.HikariDataSource       : HikariPool-1 - Start completed.
2022-08-24 16:24:41.824  INFO 4436 --- [           main] org.hibernate.dialect.Dialect            : HHH000400: Using dialect: org.hibernate.dialect.MySQL55Dialect
2022-08-24 16:24:49.285  INFO 4436 --- [           main] o.h.e.t.j.p.i.JtaPlatformInitiator       : HHH000490: Using JtaPlatform implementation: [org.hibernate.engine.transaction.jta.platform.internal.NoJtaPlatform]
2022-08-24 16:24:49.498  INFO 4436 --- [           main] j.LocalContainerEntityManagerFactoryBean : Initialized JPA EntityManagerFactory for persistence unit 'default'
2022-08-24 16:24:59.302  INFO 4436 --- [           main] o.s.s.web.DefaultSecurityFilterChain     : Will secure any request with [org.springframework.security.web.context.request.async.WebAsyncManagerIntegrationFilter@10d9c41, org.springframework.security.web.context.SecurityContextPersistenceFilter@eb55c9, org.springframework.security.web.header.HeaderWriterFilter@1c6c10f, org.springframework.security.web.authentication.logout.LogoutFilter@10b276e, com.mtx.disneyworld.filter.JwtRequestFilter@b90cc1, org.springframework.security.web.savedrequest.RequestCacheAwareFilter@9e3f34, org.springframework.security.web.servletapi.SecurityContextHolderAwareRequestFilter@16019d5, org.springframework.security.web.authentication.AnonymousAuthenticationFilter@1d81427, org.springframework.security.web.session.SessionManagementFilter@697186, org.springframework.security.web.access.ExceptionTranslationFilter@2d65e1, org.springframework.security.web.access.intercept.FilterSecurityInterceptor@14ee422]
2022-08-24 16:25:04.695  INFO 4436 --- [           main] o.s.b.a.w.s.WelcomePageHandlerMapping    : Adding welcome page template: index
2022-08-24 16:25:09.180  INFO 4436 --- [           main] c.m.d.DisneyworldApplicationTests        : Email: secondmtx@gmail.com
]]></system-out>
  </testcase>
</testsuite>